Log file open, 11/03/17 12:38:51
LogWindows: LoadLibraryWithSearchPaths failed for file aqProf.dll. GetLastError=0
LogWindows: LoadLibraryWithSearchPaths failed for file VtuneApi.dll. GetLastError=0
LogWindows: LoadLibraryWithSearchPaths failed for file VtuneApi32e.dll. GetLastError=0
LogInit: Display: Running engine for game: Bomberman
LogPlatformFile: Not using cached read wrapper
LogInit: Display: RandInit(-429734544) SRandInit(-429734544).
LogTaskGraph: Started task graph with 5 named threads and 8 total threads with 3 sets of task threads.
LogStats: Stats thread started at 0.345493
LogD3D11RHI: Aftermath initialized
LogPluginManager: Mounting plugin Paper2D
LogPluginManager: Mounting plugin LightPropagationVolume
LogPluginManager: Mounting plugin CodeLiteSourceCodeAccess
LogPluginManager: Mounting plugin GitSourceControl
LogPluginManager: Mounting plugin KDevelopSourceCodeAccess
LogPluginManager: Mounting plugin NullSourceCodeAccess
LogPluginManager: Mounting plugin PerforceSourceControl
LogPluginManager: Mounting plugin SubversionSourceControl
LogPluginManager: Mounting plugin UObjectPlugin
LogPluginManager: Mounting plugin VisualStudioSourceCodeAccess
LogPluginManager: Mounting plugin XCodeSourceCodeAccess
LogPluginManager: Mounting plugin AssetManagerEditor
LogPluginManager: Mounting plugin AudioCapture
LogPluginManager: Mounting plugin FacialAnimation
LogPluginManager: Mounting plugin GameplayTagsEditor
LogPluginManager: Mounting plugin MobileLauncherProfileWizard
LogPluginManager: Mounting plugin PluginBrowser
LogPluginManager: Mounting plugin SpeedTreeImporter
LogPluginManager: Mounting plugin AlembicImporter
LogPluginManager: Mounting plugin CharacterAI
LogPluginManager: Mounting plugin HTML5Networking
LogPluginManager: Mounting plugin AndroidMedia
LogPluginManager: Mounting plugin AvfMedia
LogPluginManager: Mounting plugin MediaPlayerEditor
LogPluginManager: Mounting plugin WmfMedia
LogPluginManager: Mounting plugin TcpMessaging
LogPluginManager: Mounting plugin UdpMessaging
LogPluginManager: Mounting plugin LevelSequenceEditor
LogPluginManager: Mounting plugin MatineeToLevelSequence
LogPluginManager: Mounting plugin OnlineSubsystemGooglePlay
LogPluginManager: Mounting plugin OnlineSubsystemIOS
LogPluginManager: Mounting plugin OnlineSubsystem
LogPluginManager: Mounting plugin OnlineSubsystemNull
LogPluginManager: Mounting plugin OnlineSubsystemUtils
LogPluginManager: Mounting plugin AndroidDeviceProfileSelector
LogPluginManager: Mounting plugin AndroidMoviePlayer
LogPluginManager: Mounting plugin AndroidPermission
LogPluginManager: Mounting plugin AppleMoviePlayer
LogPluginManager: Mounting plugin ArchVisCharacter
LogPluginManager: Mounting plugin CableComponent
LogPluginManager: Mounting plugin CustomMeshComponent
LogPluginManager: Mounting plugin ExampleDeviceProfileSelector
LogPluginManager: Mounting plugin GoogleCloudMessaging
LogPluginManager: Mounting plugin ImmediatePhysics
LogPluginManager: Mounting plugin IOSDeviceProfileSelector
LogPluginManager: Mounting plugin LinuxDeviceProfileSelector
LogPluginManager: Mounting plugin LocationServicesBPLibrary
LogPluginManager: Mounting plugin MobilePatchingUtils
LogPluginManager: Mounting plugin OculusVR
LogPluginManager: Mounting plugin PhysXVehicles
LogPluginManager: Mounting plugin ProceduralMeshComponent
LogPluginManager: Mounting plugin RuntimePhysXCooking
LogPluginManager: Mounting plugin SteamVR
LogPluginManager: Mounting plugin WindowsMoviePlayer
LogInit: Using libcurl 7.47.1
LogInit:  - built for x86_64-pc-win32
LogInit:  - supports SSL with OpenSSL/1.0.2g
LogInit:  - supports HTTP deflate (compression) using libz 1.2.8
LogInit:  - other features:
LogInit:      CURL_VERSION_SSL
LogInit:      CURL_VERSION_LIBZ
LogInit:      CURL_VERSION_IPV6
LogInit:      CURL_VERSION_ASYNCHDNS
LogInit:      CURL_VERSION_LARGEFILE
LogInit:      CURL_VERSION_IDN
LogInit:  CurlRequestOptions (configurable via config and command line):
LogInit:  - bVerifyPeer = false  - Libcurl will NOT verify peer certificate
LogInit:  - bUseHttpProxy = false  - Libcurl will NOT use HTTP proxy
LogInit:  - bDontReuseConnections = false  - Libcurl will reuse connections
LogInit:  - CertBundlePath = nullptr  - Libcurl will use whatever was configured at build time.
LogInit: Build: ++UE4+Release-4.17-CL-3586342
LogInit: Engine Version: 4.17.1-3586342+++UE4+Release-4.17
LogInit: Compatible Engine Version: 4.17.0-3573198+++UE4+Release-4.17
LogInit: Net CL: 3573198
LogDevObjectVersion: Number of dev versions registered: 16
LogDevObjectVersion:   Dev-Blueprints (B0D832E4-1F89-4F0D-ACCF-7EB736FD4AA2): 10
LogDevObjectVersion:   Dev-Build (E1C64328-A22C-4D53-A36C-8E866417BD8C): 0
LogDevObjectVersion:   Dev-Core (375EC13C-06E4-48FB-B500-84F0262A717E): 2
LogDevObjectVersion:   Dev-Editor (E4B068ED-F494-42E9-A231-DA0B2E46BB41): 20
LogDevObjectVersion:   Dev-Framework (CFFC743F-43B0-4480-9391-14DF171D2073): 28
LogDevObjectVersion:   Dev-Mobile (B02B49B5-BB20-44E9-A304-32B752E40360): 0
LogDevObjectVersion:   Dev-Networking (A4E4105C-59A1-49B5-A7C5-40C4547EDFEE): 0
LogDevObjectVersion:   Dev-Online (39C831C9-5AE6-47DC-9A44-9C173E1C8E7C): 0
LogDevObjectVersion:   Dev-Physics (78F01B33-EBEA-4F98-B9B4-84EACCB95AA2): 0
LogDevObjectVersion:   Dev-Platform (6631380F-2D4D-43E0-8009-CF276956A95A): 0
LogDevObjectVersion:   Dev-Rendering (12F88B9F-8875-4AFC-A67C-D90C383ABD29): 19
LogDevObjectVersion:   Dev-Sequencer (7B5AE74C-D270-4C10-A958-57980B212A5A): 4
LogDevObjectVersion:   Dev-VR (D7296918-1DD6-4BDD-9DE2-64A83CC13884): 0
LogDevObjectVersion:   Dev-LoadTimes (C2A15278-BFE7-4AFE-6C17-90FF531DF755): 1
LogDevObjectVersion:   Private-Geometry (6EACA3D4-40EC-4CC1-B786-8BED09428FC5): 1
LogDevObjectVersion:   Dev-AnimPhys (29E575DD-E0A3-4627-9D10-D276232CDCEA): 7
LogInit: Compiled (64-bit): Aug 15 2017 02:05:26
LogInit: Compiled with Visual C++: 19.00.24215.01
LogInit: Build Configuration: Development
LogInit: Branch Name: ++UE4+Release-4.17
LogInit: Command line:  -skipcompile
LogInit: Base directory: C:/Program Files/Epic Games/UE_4.17/Engine/Binaries/Win64/
LogInit: Installed Engine Build: 1
LogInit: Presizing for max 8388607 objects, including 0 objects not considered by GC, pre-allocating 0 bytes for permanent pool.
LogInit: Object subsystem initialized
[2017.11.03-12.38.53:077][  0]LogInit: Selected Device Profile: [Windows]
[2017.11.03-12.38.53:077][  0]LogInit: Applying CVar settings loaded from the selected device profile: [Windows]
[2017.11.03-12.38.53:089][  0]LogInit: Computer: DESKTOP-U87J6JI
[2017.11.03-12.38.53:089][  0]LogInit: User: gilke
[2017.11.03-12.38.53:089][  0]LogInit: CPU Page size=4096, Cores=2
[2017.11.03-12.38.53:089][  0]LogInit: High frequency timer resolution =2.835940 MHz
[2017.11.03-12.38.53:090][  0]LogMemory: Memory total: Physical=15.9GB (16GB approx)
[2017.11.03-12.38.53:090][  0]LogMemory: Platform Memory Stats for Windows
[2017.11.03-12.38.53:090][  0]LogMemory: Process Physical Memory: 280.70 MB used, 280.70 MB peak
[2017.11.03-12.38.53:090][  0]LogMemory: Process Virtual Memory: 281.87 MB used, 281.87 MB peak
[2017.11.03-12.38.53:090][  0]LogMemory: Physical Memory: 6896.56 MB used,  9385.07 MB free, 16281.64 MB total
[2017.11.03-12.38.53:090][  0]LogMemory: Virtual Memory: 658.75 MB used,  9385.07 MB free, 134217728.00 MB total
[2017.11.03-12.38.53:394][  0]LogInit: Using OS detected language (en-US).
[2017.11.03-12.38.53:394][  0]LogInit: Using OS detected locale (en-GB).
[2017.11.03-12.38.53:405][  0]LogTextLocalizationManager: No specific localization for 'en-US' exists, so the 'en' localization will be used.
[2017.11.03-12.38.54:370][  0]LogD3D11RHI: D3D11 adapters:
[2017.11.03-12.38.54:404][  0]LogD3D11RHI:    0. 'Intel(R) HD Graphics 620' (Feature Level 11_0)
[2017.11.03-12.38.54:404][  0]LogD3D11RHI:       128/0/8140 MB DedicatedVideo/DedicatedSystem/SharedSystem, Outputs:1, VendorId:0x8086
[2017.11.03-12.38.54:449][  0]LogD3D11RHI:    1. 'Radeon (TM) R7 M445' (Feature Level 11_0)
[2017.11.03-12.38.54:449][  0]LogD3D11RHI:       4087/0/8140 MB DedicatedVideo/DedicatedSystem/SharedSystem, Outputs:0, VendorId:0x1002
[2017.11.03-12.38.54:460][  0]LogD3D11RHI:    2. 'Microsoft Basic Render Driver' (Feature Level 11_0)
[2017.11.03-12.38.54:460][  0]LogD3D11RHI:       0/0/8140 MB DedicatedVideo/DedicatedSystem/SharedSystem, Outputs:0, VendorId:0x1414
[2017.11.03-12.38.54:460][  0]LogD3D11RHI: Chosen D3D11 Adapter: 1
[2017.11.03-12.38.54:472][  0]LogD3D11RHI: Creating new Direct3DDevice
[2017.11.03-12.38.54:473][  0]LogD3D11RHI:     GPU DeviceId: 0x6900 (for the marketing name, search the web for "GPU Device Id")
[2017.11.03-12.38.54:473][  0]LogWindows: EnumDisplayDevices:
[2017.11.03-12.38.54:473][  0]LogWindows:    0. 'Intel(R) HD Graphics 620' (P:1 D:1)
[2017.11.03-12.38.54:473][  0]LogWindows:    1. 'Intel(R) HD Graphics 620' (P:0 D:0)
[2017.11.03-12.38.54:474][  0]LogWindows:    2. 'Intel(R) HD Graphics 620' (P:0 D:0)
[2017.11.03-12.38.54:475][  0]LogWindows: DebugString: PrimaryIsNotTheChoosenAdapter PrimaryIsNotTheChoosenAdapter PrimaryIsNotTheChoosenAdapter FoundDriverCount:0 
[2017.11.03-12.38.54:475][  0]LogD3D11RHI:     Adapter Name: Radeon (TM) R7 M445
[2017.11.03-12.38.54:475][  0]LogD3D11RHI:   Driver Version: Unknown (internal:Unknown, unified:Unknown)
[2017.11.03-12.38.54:475][  0]LogD3D11RHI:      Driver Date: Unknown
[2017.11.03-12.38.54:475][  0]LogRHI: Texture pool is 1361 MB (70% of 1945 MB)
[2017.11.03-12.38.54:547][  0]LogD3D11RHI: Async texture creation enabled
[2017.11.03-12.38.54:561][  0]LogD3D11RHI: GPU Timing Frequency: 27.000000 (Debug: 2 1)
[2017.11.03-12.38.54:563][  0]LogShaderCompilers: Guid format shader working directory is -10 characters bigger than the processId version (../../../../../../GameDev/GitHub/BombermanUE4/Bomberman/Intermediate/Shaders/WorkingDirectory/15760/).
[2017.11.03-12.38.54:564][  0]LogShaderCompilers: Cleaned the shader compiler working directory 'C:/Users/gilke/AppData/Local/Temp/UnrealShaderWorkingDir/DC958B65492D61CB2647819D544E71F7/'.
[2017.11.03-12.38.54:565][  0]LogShaderCompilers: Display: Using Local Shader Compiler.
[2017.11.03-12.38.55:791][  0]LogTemp: Display: Loaded TP AllDesktopTargetPlatform
[2017.11.03-12.38.55:879][  0]LogTemp: Display: Loaded TP MacClientTargetPlatform
[2017.11.03-12.38.55:973][  0]LogTemp: Display: Loaded TP MacNoEditorTargetPlatform
[2017.11.03-12.38.56:060][  0]LogTemp: Display: Loaded TP MacServerTargetPlatform
[2017.11.03-12.38.56:145][  0]LogTemp: Display: Loaded TP MacTargetPlatform
[2017.11.03-12.38.56:243][  0]LogTemp: Display: Loaded TP WindowsClientTargetPlatform
[2017.11.03-12.38.56:326][  0]LogTemp: Display: Loaded TP WindowsNoEditorTargetPlatform
[2017.11.03-12.38.56:425][  0]LogTemp: Display: Loaded TP WindowsServerTargetPlatform
[2017.11.03-12.38.56:502][  0]LogTemp: Display: Loaded TP WindowsTargetPlatform
[2017.11.03-12.38.56:592][  0]LogTemp: Display: Loaded TP AndroidTargetPlatform
[2017.11.03-12.38.56:678][  0]LogTemp: Display: Loaded TP Android_ASTCTargetPlatform
[2017.11.03-12.38.56:776][  0]LogTemp: Display: Loaded TP Android_ATCTargetPlatform
[2017.11.03-12.38.56:867][  0]LogTemp: Display: Loaded TP Android_DXTTargetPlatform
[2017.11.03-12.38.56:957][  0]LogTemp: Display: Loaded TP Android_ETC1TargetPlatform
[2017.11.03-12.38.57:045][  0]LogTemp: Display: Loaded TP Android_ETC2TargetPlatform
[2017.11.03-12.38.57:230][  0]LogTemp: Display: Loaded TP Android_MultiTargetPlatform
[2017.11.03-12.38.57:230][  0]LogTemp: Display: Loaded TP Android_PVRTCTargetPlatform
[2017.11.03-12.38.57:306][  0]LogTemp: Display: Loaded TP HTML5TargetPlatform
[2017.11.03-12.38.57:470][  0]LogTemp: Display: Loaded TP IOSTargetPlatform
[2017.11.03-12.38.57:515][  0]LogTemp: Display: Loaded TP TVOSTargetPlatform
[2017.11.03-12.38.57:606][  0]LogTemp: Display: Loaded TP LinuxClientTargetPlatform
[2017.11.03-12.38.57:689][  0]LogTemp: Display: Loaded TP LinuxNoEditorTargetPlatform
[2017.11.03-12.38.57:783][  0]LogTemp: Display: Loaded TP LinuxServerTargetPlatform
[2017.11.03-12.38.57:878][  0]LogTemp: Display: Loaded TP LinuxTargetPlatform
[2017.11.03-12.38.57:878][  0]LogTargetPlatformManager: Display: Building Assets For Windows
[2017.11.03-12.38.58:825][  0]LogDerivedDataCache: Display: Max Cache Size: 512 MB
[2017.11.03-12.38.58:964][  0]LogDerivedDataCache: Loaded boot cache 0.14s 93MB C:/Users/gilke/AppData/Local/UnrealEngine/4.17/DerivedDataCache/Boot.ddc.
[2017.11.03-12.38.58:964][  0]LogDerivedDataCache: Display: Loaded Boot cache: C:/Users/gilke/AppData/Local/UnrealEngine/4.17/DerivedDataCache/Boot.ddc
[2017.11.03-12.38.58:964][  0]LogDerivedDataCache: FDerivedDataBackendGraph:  Pak pak cache file ../../../../../../GameDev/GitHub/BombermanUE4/Bomberman/DerivedDataCache/DDC.ddp not found, will not use a pak cache.
[2017.11.03-12.38.58:964][  0]LogDerivedDataCache: Unable to find inner node Pak for hierarchical cache Hierarchy.
[2017.11.03-12.38.58:964][  0]LogDerivedDataCache: FDerivedDataBackendGraph:  CompressedPak pak cache file ../../../../../../GameDev/GitHub/BombermanUE4/Bomberman/DerivedDataCache/Compressed.ddp not found, will not use a pak cache.
[2017.11.03-12.38.58:964][  0]LogDerivedDataCache: Unable to find inner node CompressedPak for hierarchical cache Hierarchy.
[2017.11.03-12.38.58:983][  0]LogDerivedDataCache: Display: Pak cache opened for reading ../../../Engine/DerivedDataCache/Compressed.ddp.
[2017.11.03-12.38.58:997][  0]LogDerivedDataCache: Using Local data cache path C:/Users/gilke/AppData/Local/UnrealEngine/Common/DerivedDataCache: Writable
[2017.11.03-12.38.59:010][  0]LogMaterial: Verifying Global Shaders for PCD3D_SM5
[2017.11.03-12.38.59:011][  0]LogSlate: Using Freetype 2.6.0
[2017.11.03-12.38.59:012][  0]LogSlate: SlateFontCache - WITH_FREETYPE: 1, WITH_HARFBUZZ: 1
[2017.11.03-12.38.59:012][  0]LogSlate: SlateFontCache - WITH_FREETYPE: 1, WITH_HARFBUZZ: 1
[2017.11.03-12.38.59:380][  0]LogAssetRegistry: FAssetRegistry took 0.0297 seconds to start up
[2017.11.03-12.38.59:618][  0]LogInit: Selected Device Profile: [Windows]
[2017.11.03-12.38.59:896][  0]LogContentStreaming: Texture pool size is 0.00 MB
[2017.11.03-12.39.00:428][  0]LogSimplygon: Simplygon DLL not present - disabling.
[2017.11.03-12.39.00:517][  0]LogMeshReduction: Using SimplygonSwarm for distributed automatic mesh merging
[2017.11.03-12.39.00:517][  0]LogMeshReduction: Using QuadricMeshReduction for automatic static mesh reduction
[2017.11.03-12.39.00:517][  0]LogMeshReduction: No automatic skeletal mesh reduction module available
[2017.11.03-12.39.00:517][  0]LogMeshReduction: No automatic mesh merging module available
[2017.11.03-12.39.00:517][  0]LogMeshMerging: No automatic mesh merging module available
[2017.11.03-12.39.01:032][  0]LogNetVersion: Bomberman , NetCL: 3573198, EngineNetVer: 2, GameNetVer: 0 (Checksum: 1277510555)
[2017.11.03-12.39.01:366][  0]LogPackageLocalizationCache: Processed 5 localized package path(s) for 2 prioritized culture(s) in 0.079854 seconds
[2017.11.03-12.39.01:375][  0]LogUObjectArray: 35825 objects as part of root set at end of initial load.
[2017.11.03-12.39.01:375][  0]LogUObjectAllocator: 7529104 out of 0 bytes used by permanent object pool.
[2017.11.03-12.39.01:375][  0]LogUObjectArray: CloseDisregardForGC: 0/0 objects in disregard for GC pool
[2017.11.03-12.39.01:460][  0]LogInit: WinSock: version 1.1 (2.2), MaxSocks=32767, MaxUdp=65467
[2017.11.03-12.39.05:885][  0]LogTcpMessaging: Initializing TcpMessaging bridge
[2017.11.03-12.39.05:946][  0]LogUdpMessaging: Initializing bridge on interface 0.0.0.0:0 to multicast group 230.0.0.1:6666.
[2017.11.03-12.39.07:304][  0]LogMaterial: Uniform references updated for custom material expression Custom.
[2017.11.03-12.39.08:053][  0]SourceControl: Source control is disabled
[2017.11.03-12.39.08:053][  0]SourceControl: Source control is disabled
[2017.11.03-12.39.08:151][  0]SourceControl: Source control is disabled
[2017.11.03-12.39.08:245][  0]SourceControl: Source control is disabled
[2017.11.03-12.39.09:347][  0]LogAndroidPermission: UAndroidPermissionCallbackProxy::GetInstance
[2017.11.03-12.39.09:837][  0]LogOcInput: OculusInput pre-init called
[2017.11.03-12.39.10:264][  0]LogEngine: Initializing Engine...
[2017.11.03-12.39.10:271][  0]LogHMD: Failed to initialize OpenVR with code 110
[2017.11.03-12.39.10:575][  0]LogStats: UGameplayTagsManager::ConstructGameplayTagTree: Construct from data asset -  0.000 s
[2017.11.03-12.39.10:575][  0]LogStats: UGameplayTagsManager::ConstructGameplayTagTree: GameplayTagTreeChangedEvent.Broadcast -  0.000 s
[2017.11.03-12.39.10:821][  0]LogAIModule: Creating AISystem for world Untitled
[2017.11.03-12.39.10:840][  0]LogInit: XAudio2 using 'Speakers / Headphones (Realtek Audio)' : 2 channels at 48 kHz using 32 bits per sample (channel mask 0x3)
[2017.11.03-12.39.10:961][  0]LogInit: FAudioDevice initialized.
[2017.11.03-12.39.11:131][  0]LogDerivedDataCache: Saved boot cache 0.17s 93MB C:/Users/gilke/AppData/Local/UnrealEngine/4.17/DerivedDataCache/Boot.ddc.
[2017.11.03-12.39.11:152][  0]LogInit: Texture streaming: Enabled
[2017.11.03-12.39.11:371][  0]LogEngineSessionManager: EngineSessionManager initialized
[2017.11.03-12.39.11:372][  0]LogEngineSessionManager: EngineSessionManager sent abnormal shutdown report. Type=Debugger, SessionId={A98646A7-40EF-D24E-950E-30BB216486EA}
[2017.11.03-12.39.11:778][  0]LogInit: Transaction tracking system initialized
[2017.11.03-12.39.12:362][  0]BlueprintLog: New page: Editor Load
[2017.11.03-12.39.14:026][  0]LocalizationService: Localization service is disabled
[2017.11.03-12.39.15:028][  0]LogLinker: Warning: Can't find file '/Game/PuzzleBP/PuzzleOverview'
[2017.11.03-12.39.15:028][  0]LogLinker: Warning: Can't find file '/Game/PuzzleBP/PuzzleOverview'
[2017.11.03-12.39.15:028][  0]LogUObjectGlobals: Warning: Failed to find object 'Class /Game/PuzzleBP/PuzzleOverview.PuzzleOverview_C'
[2017.11.03-12.39.15:028][  0]LogLinker: Warning: Can't find file '/Game/PuzzleBP/Tutorial/Part1-Overview'
[2017.11.03-12.39.15:029][  0]LogLinker: Warning: Can't find file '/Game/PuzzleBP/Tutorial/Part1-Overview'
[2017.11.03-12.39.15:029][  0]LogUObjectGlobals: Warning: Failed to find object 'Class /Game/PuzzleBP/Tutorial/Part1-Overview.Part1-Overview_C'
[2017.11.03-12.39.15:029][  0]LogLinker: Warning: Can't find file '/Game/PuzzleBP/Tutorial/Part2-BlockBlueprint'
[2017.11.03-12.39.15:030][  0]LogLinker: Warning: Can't find file '/Game/PuzzleBP/Tutorial/Part2-BlockBlueprint'
[2017.11.03-12.39.15:030][  0]LogUObjectGlobals: Warning: Failed to find object 'Class /Game/PuzzleBP/Tutorial/Part2-BlockBlueprint.Part2-BlockBlueprint_C'
[2017.11.03-12.39.15:030][  0]LogLinker: Warning: Can't find file '/Game/PuzzleBP/Tutorial/Part2b-BlockBLueprintComponents'
[2017.11.03-12.39.15:030][  0]LogLinker: Warning: Can't find file '/Game/PuzzleBP/Tutorial/Part2b-BlockBLueprintComponents'
[2017.11.03-12.39.15:030][  0]LogUObjectGlobals: Warning: Failed to find object 'Class /Game/PuzzleBP/Tutorial/Part2b-BlockBLueprintComponents.Part2b-BlockBLueprintComponents_C'
[2017.11.03-12.39.15:031][  0]LogLinker: Warning: Can't find file '/Game/PuzzleBP/Tutorial/Part3-GridBlueprint'
[2017.11.03-12.39.15:031][  0]LogLinker: Warning: Can't find file '/Game/PuzzleBP/Tutorial/Part3-GridBlueprint'
[2017.11.03-12.39.15:031][  0]LogUObjectGlobals: Warning: Failed to find object 'Class /Game/PuzzleBP/Tutorial/Part3-GridBlueprint.Part3-GridBlueprint_C'
[2017.11.03-12.39.15:031][  0]LogLinker: Warning: Can't find file '/Game/PuzzleBP/Tutorial/Part4-GridBluepint2'
[2017.11.03-12.39.15:031][  0]LogLinker: Warning: Can't find file '/Game/PuzzleBP/Tutorial/Part4-GridBluepint2'
[2017.11.03-12.39.15:032][  0]LogUObjectGlobals: Warning: Failed to find object 'Class /Game/PuzzleBP/Tutorial/Part4-GridBluepint2.Part4-GridBluepint2_C'
[2017.11.03-12.39.15:032][  0]LogLinker: Warning: Can't find file '/Game/PuzzleBP/Tutorial/Part5-GameMode'
[2017.11.03-12.39.15:032][  0]LogLinker: Warning: Can't find file '/Game/PuzzleBP/Tutorial/Part5-GameMode'
[2017.11.03-12.39.15:032][  0]LogUObjectGlobals: Warning: Failed to find object 'Class /Game/PuzzleBP/Tutorial/Part5-GameMode.Part5-GameMode_C'
[2017.11.03-12.39.15:032][  0]LogLinker: Warning: Can't find file '/Game/PuzzleBP/Tutorial/Part6-Controller'
[2017.11.03-12.39.15:033][  0]LogLinker: Warning: Can't find file '/Game/PuzzleBP/Tutorial/Part6-Controller'
[2017.11.03-12.39.15:033][  0]LogUObjectGlobals: Warning: Failed to find object 'Class /Game/PuzzleBP/Tutorial/Part6-Controller.Part6-Controller_C'
[2017.11.03-12.39.15:033][  0]LogLinker: Warning: Can't find file '/Game/PuzzleBP/Tutorial/Part7-LevelBlueprint'
[2017.11.03-12.39.15:034][  0]LogLinker: Warning: Can't find file '/Game/PuzzleBP/Tutorial/Part7-LevelBlueprint'
[2017.11.03-12.39.15:034][  0]LogUObjectGlobals: Warning: Failed to find object 'Class /Game/PuzzleBP/Tutorial/Part7-LevelBlueprint.Part7-LevelBlueprint_C'
[2017.11.03-12.39.15:034][  0]LogLinker: Warning: Can't find file '/Game/PuzzleBP/Tutorial/Part8-EverythingElse'
[2017.11.03-12.39.15:037][  0]LogLinker: Warning: Can't find file '/Game/PuzzleBP/Tutorial/Part8-EverythingElse'
[2017.11.03-12.39.15:037][  0]LogUObjectGlobals: Warning: Failed to find object 'Class /Game/PuzzleBP/Tutorial/Part8-EverythingElse.Part8-EverythingElse_C'
[2017.11.03-12.39.15:400][  0]LogConsoleResponse: Display: 
[2017.11.03-12.39.15:712][  0]LogCook: Display: Max memory allowance for cook 16384mb min free memory 0mb
[2017.11.03-12.39.15:713][  0]LogCook: Display: Mobile HDR setting 1
[2017.11.03-12.39.15:713][  0]LogGameplayTags: Display: UGameplayTagsManager::DoneAddingNativeTags. DelegateIsBound: 0
[2017.11.03-12.39.16:527][  0]LogFileCache: Scanning file cache for directory 'C:/GameDev/GitHub/BombermanUE4/Bomberman/Content/' took 0.02s
[2017.11.03-12.39.18:054][  0]SourceControl: Source control is disabled
[2017.11.03-12.39.18:054][  0]Cmd: MAP LOAD FILE="../../../../../../GameDev/GitHub/BombermanUE4/Bomberman/Content/Bomberman/Maps/Menu.umap" TEMPLATE=0 SHOWPROGRESS=1 FEATURELEVEL=3
[2017.11.03-12.39.18:055][  0]LightingResults: New page: Lighting Build
[2017.11.03-12.39.18:170][  0]MapCheck: New page: Map Check
[2017.11.03-12.39.18:170][  0]LightingResults: New page: Lighting Build
[2017.11.03-12.39.18:251][  0]LogAIModule: Creating AISystem for world Menu
[2017.11.03-12.39.18:253][  0]LogEditorServer: Finished looking for orphan Actors (0.000 secs)
[2017.11.03-12.39.18:269][  0]Cmd: MAP CHECKDEP NOCLEARLOG
[2017.11.03-12.39.18:447][  0]MapCheck: Map check complete: 0 Error(s), 0 Warning(s), took 177.105ms to complete.
[2017.11.03-12.39.18:447][  0]LogFileHelpers: Loading map 'Menu' took 0.393
[2017.11.03-12.39.18:680][  0]LogCollectionManager: Loaded 0 collections in 0.003742 seconds
[2017.11.03-12.39.18:830][  0]LogFileCache: Scanning file cache for directory 'C:/GameDev/GitHub/BombermanUE4/Bomberman/Saved/Collections/' took 0.01s
[2017.11.03-12.39.18:830][  0]LogFileCache: Scanning file cache for directory 'C:/GameDev/GitHub/BombermanUE4/Bomberman/Content/Developers/gilke/Collections/' took 0.01s
[2017.11.03-12.39.18:830][  0]LogFileCache: Scanning file cache for directory 'C:/GameDev/GitHub/BombermanUE4/Bomberman/Content/Collections/' took 0.01s
[2017.11.03-12.39.18:830][  0]LogCollectionManager: Rebuilt the GUID cache for 0 collections in 0.000001 seconds
[2017.11.03-12.39.18:846][  0]LogContentBrowser: Native class hierarchy populated in 0.0156 seconds. Added 2389 classes and 502 folders.
[2017.11.03-12.39.18:981][  0]LogContentBrowser: Native class hierarchy updated for 'WidgetCarousel' in 0.0030 seconds. Added 0 classes and 0 folders.
[2017.11.03-12.39.19:085][  0]LogContentBrowser: Native class hierarchy updated for 'AddContentDialog' in 0.0032 seconds. Added 0 classes and 0 folders.
[2017.11.03-12.39.19:196][  0]LogContentBrowser: Native class hierarchy updated for 'SceneOutliner' in 0.0068 seconds. Added 1 classes and 2 folders.
[2017.11.03-12.39.19:282][  0]LogSlate: Took 0.000434 seconds to synchronously load lazily loaded font '../../../Engine/Content/Slate/Fonts/Roboto-Regular.ttf' (155K)
[2017.11.03-12.39.19:287][  0]LogSlate: Took 0.000774 seconds to synchronously load lazily loaded font '../../../Engine/Content/Slate/Fonts/Roboto-Bold.ttf' (160K)
[2017.11.03-12.39.19:293][  0]LogSlate: Took 0.000555 seconds to synchronously load lazily loaded font '../../../Engine/Content/Editor/Slate/Fonts/FontAwesome.ttf' (139K)
[2017.11.03-12.39.19:434][  0]LogRenderer: Reallocating scene render targets to support 976x428 Format 10 NumSamples 1 (Frame:1).
[2017.11.03-12.39.19:790][  0]LogContentBrowser: Native class hierarchy updated for 'HierarchicalLODOutliner' in 0.0032 seconds. Added 1 classes and 2 folders.
[2017.11.03-12.39.19:791][  0]LogLoad: (Engine Initialization) Total time: 30.77 seconds
[2017.11.03-12.39.19:791][  0]LogLoad: (Engine Initialization) Total Blueprint compile time: 0.00 seconds
[2017.11.03-12.39.19:792][  0]LogExternalProfiler: Found external profiler: VSPerf
[2017.11.03-12.39.19:792][  0]LogExternalProfiler: Using external profiler: VSPerf
[2017.11.03-12.39.20:148][  0]LogContentStreaming: Texture pool size now 1000 MB
[2017.11.03-12.39.20:181][  0]LogSlate: Took 0.000532 seconds to synchronously load lazily loaded font '../../../Engine/Content/Slate/Fonts/Roboto-Light.ttf' (159K)
[2017.11.03-12.39.20:478][  1]LogAssetRegistry: Asset discovery search completed in 21.1215 seconds
[2017.11.03-12.39.20:481][  1]LogCollectionManager: Rebuilt the object cache for 0 collections in 0.000001 seconds (found 0 objects)
[2017.11.03-12.39.20:481][  1]LogCollectionManager: Fixed up redirectors for 0 collections in 0.000193 seconds (updated 0 objects)
