Log file open, 11/03/17 13:44:50
LogWindows: LoadLibraryWithSearchPaths failed for file aqProf.dll. GetLastError=0
LogWindows: LoadLibraryWithSearchPaths failed for file VtuneApi.dll. GetLastError=0
LogWindows: LoadLibraryWithSearchPaths failed for file VtuneApi32e.dll. GetLastError=0
LogInit: Display: Running engine for game: Bomberman
LogPlatformFile: Not using cached read wrapper
LogInit: Display: RandInit(-2087885034) SRandInit(-2087885032).
LogTaskGraph: Started task graph with 5 named threads and 8 total threads with 3 sets of task threads.
LogStats: Stats thread started at 0.336445
LogD3D11RHI: Aftermath initialized
LogPluginManager: Mounting plugin Paper2D
LogPluginManager: Mounting plugin LightPropagationVolume
LogPluginManager: Mounting plugin CodeLiteSourceCodeAccess
LogPluginManager: Mounting plugin GitSourceControl
LogPluginManager: Mounting plugin KDevelopSourceCodeAccess
LogPluginManager: Mounting plugin NullSourceCodeAccess
LogPluginManager: Mounting plugin PerforceSourceControl
LogPluginManager: Mounting plugin SubversionSourceControl
LogPluginManager: Mounting plugin UObjectPlugin
LogPluginManager: Mounting plugin VisualStudioSourceCodeAccess
LogPluginManager: Mounting plugin XCodeSourceCodeAccess
LogPluginManager: Mounting plugin AssetManagerEditor
LogPluginManager: Mounting plugin AudioCapture
LogPluginManager: Mounting plugin FacialAnimation
LogPluginManager: Mounting plugin GameplayTagsEditor
LogPluginManager: Mounting plugin MobileLauncherProfileWizard
LogPluginManager: Mounting plugin PluginBrowser
LogPluginManager: Mounting plugin SpeedTreeImporter
LogPluginManager: Mounting plugin AlembicImporter
LogPluginManager: Mounting plugin CharacterAI
LogPluginManager: Mounting plugin HTML5Networking
LogPluginManager: Mounting plugin AndroidMedia
LogPluginManager: Mounting plugin AvfMedia
LogPluginManager: Mounting plugin MediaPlayerEditor
LogPluginManager: Mounting plugin WmfMedia
LogPluginManager: Mounting plugin TcpMessaging
LogPluginManager: Mounting plugin UdpMessaging
LogPluginManager: Mounting plugin LevelSequenceEditor
LogPluginManager: Mounting plugin MatineeToLevelSequence
LogPluginManager: Mounting plugin OnlineSubsystemGooglePlay
LogPluginManager: Mounting plugin OnlineSubsystemIOS
LogPluginManager: Mounting plugin OnlineSubsystem
LogPluginManager: Mounting plugin OnlineSubsystemNull
LogPluginManager: Mounting plugin OnlineSubsystemUtils
LogPluginManager: Mounting plugin AndroidDeviceProfileSelector
LogPluginManager: Mounting plugin AndroidMoviePlayer
LogPluginManager: Mounting plugin AndroidPermission
LogPluginManager: Mounting plugin AppleMoviePlayer
LogPluginManager: Mounting plugin ArchVisCharacter
LogPluginManager: Mounting plugin CableComponent
LogPluginManager: Mounting plugin CustomMeshComponent
LogPluginManager: Mounting plugin ExampleDeviceProfileSelector
LogPluginManager: Mounting plugin GoogleCloudMessaging
LogPluginManager: Mounting plugin ImmediatePhysics
LogPluginManager: Mounting plugin IOSDeviceProfileSelector
LogPluginManager: Mounting plugin LinuxDeviceProfileSelector
LogPluginManager: Mounting plugin LocationServicesBPLibrary
LogPluginManager: Mounting plugin MobilePatchingUtils
LogPluginManager: Mounting plugin OculusVR
LogPluginManager: Mounting plugin PhysXVehicles
LogPluginManager: Mounting plugin ProceduralMeshComponent
LogPluginManager: Mounting plugin RuntimePhysXCooking
LogPluginManager: Mounting plugin SteamVR
LogPluginManager: Mounting plugin WindowsMoviePlayer
LogInit: Using libcurl 7.47.1
LogInit:  - built for x86_64-pc-win32
LogInit:  - supports SSL with OpenSSL/1.0.2g
LogInit:  - supports HTTP deflate (compression) using libz 1.2.8
LogInit:  - other features:
LogInit:      CURL_VERSION_SSL
LogInit:      CURL_VERSION_LIBZ
LogInit:      CURL_VERSION_IPV6
LogInit:      CURL_VERSION_ASYNCHDNS
LogInit:      CURL_VERSION_LARGEFILE
LogInit:      CURL_VERSION_IDN
LogInit:  CurlRequestOptions (configurable via config and command line):
LogInit:  - bVerifyPeer = false  - Libcurl will NOT verify peer certificate
LogInit:  - bUseHttpProxy = false  - Libcurl will NOT use HTTP proxy
LogInit:  - bDontReuseConnections = false  - Libcurl will reuse connections
LogInit:  - CertBundlePath = nullptr  - Libcurl will use whatever was configured at build time.
LogInit: Build: ++UE4+Release-4.17-CL-3586342
LogInit: Engine Version: 4.17.1-3586342+++UE4+Release-4.17
LogInit: Compatible Engine Version: 4.17.0-3573198+++UE4+Release-4.17
LogInit: Net CL: 3573198
LogDevObjectVersion: Number of dev versions registered: 16
LogDevObjectVersion:   Dev-Blueprints (B0D832E4-1F89-4F0D-ACCF-7EB736FD4AA2): 10
LogDevObjectVersion:   Dev-Build (E1C64328-A22C-4D53-A36C-8E866417BD8C): 0
LogDevObjectVersion:   Dev-Core (375EC13C-06E4-48FB-B500-84F0262A717E): 2
LogDevObjectVersion:   Dev-Editor (E4B068ED-F494-42E9-A231-DA0B2E46BB41): 20
LogDevObjectVersion:   Dev-Framework (CFFC743F-43B0-4480-9391-14DF171D2073): 28
LogDevObjectVersion:   Dev-Mobile (B02B49B5-BB20-44E9-A304-32B752E40360): 0
LogDevObjectVersion:   Dev-Networking (A4E4105C-59A1-49B5-A7C5-40C4547EDFEE): 0
LogDevObjectVersion:   Dev-Online (39C831C9-5AE6-47DC-9A44-9C173E1C8E7C): 0
LogDevObjectVersion:   Dev-Physics (78F01B33-EBEA-4F98-B9B4-84EACCB95AA2): 0
LogDevObjectVersion:   Dev-Platform (6631380F-2D4D-43E0-8009-CF276956A95A): 0
LogDevObjectVersion:   Dev-Rendering (12F88B9F-8875-4AFC-A67C-D90C383ABD29): 19
LogDevObjectVersion:   Dev-Sequencer (7B5AE74C-D270-4C10-A958-57980B212A5A): 4
LogDevObjectVersion:   Dev-VR (D7296918-1DD6-4BDD-9DE2-64A83CC13884): 0
LogDevObjectVersion:   Dev-LoadTimes (C2A15278-BFE7-4AFE-6C17-90FF531DF755): 1
LogDevObjectVersion:   Private-Geometry (6EACA3D4-40EC-4CC1-B786-8BED09428FC5): 1
LogDevObjectVersion:   Dev-AnimPhys (29E575DD-E0A3-4627-9D10-D276232CDCEA): 7
LogInit: Compiled (64-bit): Aug 15 2017 02:05:26
LogInit: Compiled with Visual C++: 19.00.24215.01
LogInit: Build Configuration: Development
LogInit: Branch Name: ++UE4+Release-4.17
LogInit: Command line:  -skipcompile
LogInit: Base directory: C:/Program Files/Epic Games/UE_4.17/Engine/Binaries/Win64/
LogInit: Installed Engine Build: 1
LogInit: Presizing for max 8388607 objects, including 0 objects not considered by GC, pre-allocating 0 bytes for permanent pool.
LogInit: Object subsystem initialized
[2017.11.03-13.44.52:975][  0]LogInit: Selected Device Profile: [Windows]
[2017.11.03-13.44.52:975][  0]LogInit: Applying CVar settings loaded from the selected device profile: [Windows]
[2017.11.03-13.44.52:990][  0]LogInit: Computer: DESKTOP-U87J6JI
[2017.11.03-13.44.52:991][  0]LogInit: User: gilke
[2017.11.03-13.44.52:991][  0]LogInit: CPU Page size=4096, Cores=2
[2017.11.03-13.44.52:991][  0]LogInit: High frequency timer resolution =2.835940 MHz
[2017.11.03-13.44.52:991][  0]LogMemory: Memory total: Physical=15.9GB (16GB approx)
[2017.11.03-13.44.52:991][  0]LogMemory: Platform Memory Stats for Windows
[2017.11.03-13.44.52:991][  0]LogMemory: Process Physical Memory: 279.04 MB used, 279.04 MB peak
[2017.11.03-13.44.52:991][  0]LogMemory: Process Virtual Memory: 273.89 MB used, 273.89 MB peak
[2017.11.03-13.44.52:991][  0]LogMemory: Physical Memory: 6945.95 MB used,  9335.69 MB free, 16281.64 MB total
[2017.11.03-13.44.52:991][  0]LogMemory: Virtual Memory: 650.75 MB used,  9335.69 MB free, 134217728.00 MB total
[2017.11.03-13.44.53:359][  0]LogInit: Using OS detected language (en-US).
[2017.11.03-13.44.53:359][  0]LogInit: Using OS detected locale (en-GB).
[2017.11.03-13.44.53:369][  0]LogTextLocalizationManager: No specific localization for 'en-US' exists, so the 'en' localization will be used.
[2017.11.03-13.44.54:544][  0]LogD3D11RHI: D3D11 adapters:
[2017.11.03-13.44.54:578][  0]LogD3D11RHI:    0. 'Intel(R) HD Graphics 620' (Feature Level 11_0)
[2017.11.03-13.44.54:578][  0]LogD3D11RHI:       128/0/8140 MB DedicatedVideo/DedicatedSystem/SharedSystem, Outputs:1, VendorId:0x8086
[2017.11.03-13.44.54:632][  0]LogD3D11RHI:    1. 'Radeon (TM) R7 M445' (Feature Level 11_0)
[2017.11.03-13.44.54:632][  0]LogD3D11RHI:       4087/0/8140 MB DedicatedVideo/DedicatedSystem/SharedSystem, Outputs:0, VendorId:0x1002
[2017.11.03-13.44.54:639][  0]LogD3D11RHI:    2. 'Microsoft Basic Render Driver' (Feature Level 11_0)
[2017.11.03-13.44.54:639][  0]LogD3D11RHI:       0/0/8140 MB DedicatedVideo/DedicatedSystem/SharedSystem, Outputs:0, VendorId:0x1414
[2017.11.03-13.44.54:639][  0]LogD3D11RHI: Chosen D3D11 Adapter: 1
[2017.11.03-13.44.54:653][  0]LogD3D11RHI: Creating new Direct3DDevice
[2017.11.03-13.44.54:653][  0]LogD3D11RHI:     GPU DeviceId: 0x6900 (for the marketing name, search the web for "GPU Device Id")
[2017.11.03-13.44.54:653][  0]LogWindows: EnumDisplayDevices:
[2017.11.03-13.44.54:653][  0]LogWindows:    0. 'Intel(R) HD Graphics 620' (P:1 D:1)
[2017.11.03-13.44.54:653][  0]LogWindows:    1. 'Intel(R) HD Graphics 620' (P:0 D:0)
[2017.11.03-13.44.54:653][  0]LogWindows:    2. 'Intel(R) HD Graphics 620' (P:0 D:0)
[2017.11.03-13.44.54:653][  0]LogWindows: DebugString: PrimaryIsNotTheChoosenAdapter PrimaryIsNotTheChoosenAdapter PrimaryIsNotTheChoosenAdapter FoundDriverCount:0 
[2017.11.03-13.44.54:654][  0]LogD3D11RHI:     Adapter Name: Radeon (TM) R7 M445
[2017.11.03-13.44.54:654][  0]LogD3D11RHI:   Driver Version: Unknown (internal:Unknown, unified:Unknown)
[2017.11.03-13.44.54:654][  0]LogD3D11RHI:      Driver Date: Unknown
[2017.11.03-13.44.54:654][  0]LogRHI: Texture pool is 1361 MB (70% of 1945 MB)
[2017.11.03-13.44.54:708][  0]LogD3D11RHI: Async texture creation enabled
[2017.11.03-13.44.54:726][  0]LogD3D11RHI: GPU Timing Frequency: 27.000000 (Debug: 2 1)
[2017.11.03-13.44.54:727][  0]LogShaderCompilers: Guid format shader working directory is -9 characters bigger than the processId version (../../../../../../GameDev/GitHub/BombermanUE4/Bomberman/Intermediate/Shaders/WorkingDirectory/6400/).
[2017.11.03-13.44.54:727][  0]LogShaderCompilers: Cleaned the shader compiler working directory 'C:/Users/gilke/AppData/Local/Temp/UnrealShaderWorkingDir/E2F9AFF840A9A396BD0D309211BC6429/'.
[2017.11.03-13.44.54:727][  0]LogShaderCompilers: Display: Using Local Shader Compiler.
[2017.11.03-13.44.56:455][  0]LogTemp: Display: Loaded TP AllDesktopTargetPlatform
[2017.11.03-13.44.56:578][  0]LogTemp: Display: Loaded TP MacClientTargetPlatform
[2017.11.03-13.44.56:714][  0]LogTemp: Display: Loaded TP MacNoEditorTargetPlatform
[2017.11.03-13.44.56:829][  0]LogTemp: Display: Loaded TP MacServerTargetPlatform
[2017.11.03-13.44.56:962][  0]LogTemp: Display: Loaded TP MacTargetPlatform
[2017.11.03-13.44.57:090][  0]LogTemp: Display: Loaded TP WindowsClientTargetPlatform
[2017.11.03-13.44.57:233][  0]LogTemp: Display: Loaded TP WindowsNoEditorTargetPlatform
[2017.11.03-13.44.57:413][  0]LogTemp: Display: Loaded TP WindowsServerTargetPlatform
[2017.11.03-13.44.57:563][  0]LogTemp: Display: Loaded TP WindowsTargetPlatform
[2017.11.03-13.44.57:752][  0]LogTemp: Display: Loaded TP AndroidTargetPlatform
[2017.11.03-13.44.57:886][  0]LogTemp: Display: Loaded TP Android_ASTCTargetPlatform
[2017.11.03-13.44.58:021][  0]LogTemp: Display: Loaded TP Android_ATCTargetPlatform
[2017.11.03-13.44.58:152][  0]LogTemp: Display: Loaded TP Android_DXTTargetPlatform
[2017.11.03-13.44.58:291][  0]LogTemp: Display: Loaded TP Android_ETC1TargetPlatform
[2017.11.03-13.44.58:445][  0]LogTemp: Display: Loaded TP Android_ETC2TargetPlatform
[2017.11.03-13.44.58:756][  0]LogTemp: Display: Loaded TP Android_MultiTargetPlatform
[2017.11.03-13.44.58:758][  0]LogTemp: Display: Loaded TP Android_PVRTCTargetPlatform
[2017.11.03-13.44.58:885][  0]LogTemp: Display: Loaded TP HTML5TargetPlatform
[2017.11.03-13.44.59:107][  0]LogTemp: Display: Loaded TP IOSTargetPlatform
[2017.11.03-13.44.59:181][  0]LogTemp: Display: Loaded TP TVOSTargetPlatform
[2017.11.03-13.44.59:313][  0]LogTemp: Display: Loaded TP LinuxClientTargetPlatform
[2017.11.03-13.44.59:459][  0]LogTemp: Display: Loaded TP LinuxNoEditorTargetPlatform
[2017.11.03-13.44.59:593][  0]LogTemp: Display: Loaded TP LinuxServerTargetPlatform
[2017.11.03-13.44.59:732][  0]LogTemp: Display: Loaded TP LinuxTargetPlatform
[2017.11.03-13.44.59:732][  0]LogTargetPlatformManager: Display: Building Assets For Windows
[2017.11.03-13.45.01:132][  0]LogDerivedDataCache: Display: Max Cache Size: 512 MB
[2017.11.03-13.45.01:318][  0]LogDerivedDataCache: Loaded boot cache 0.18s 93MB C:/Users/gilke/AppData/Local/UnrealEngine/4.17/DerivedDataCache/Boot.ddc.
[2017.11.03-13.45.01:319][  0]LogDerivedDataCache: Display: Loaded Boot cache: C:/Users/gilke/AppData/Local/UnrealEngine/4.17/DerivedDataCache/Boot.ddc
[2017.11.03-13.45.01:319][  0]LogDerivedDataCache: FDerivedDataBackendGraph:  Pak pak cache file ../../../../../../GameDev/GitHub/BombermanUE4/Bomberman/DerivedDataCache/DDC.ddp not found, will not use a pak cache.
[2017.11.03-13.45.01:319][  0]LogDerivedDataCache: Unable to find inner node Pak for hierarchical cache Hierarchy.
[2017.11.03-13.45.01:319][  0]LogDerivedDataCache: FDerivedDataBackendGraph:  CompressedPak pak cache file ../../../../../../GameDev/GitHub/BombermanUE4/Bomberman/DerivedDataCache/Compressed.ddp not found, will not use a pak cache.
[2017.11.03-13.45.01:319][  0]LogDerivedDataCache: Unable to find inner node CompressedPak for hierarchical cache Hierarchy.
[2017.11.03-13.45.01:347][  0]LogDerivedDataCache: Display: Pak cache opened for reading ../../../Engine/DerivedDataCache/Compressed.ddp.
[2017.11.03-13.45.01:363][  0]LogDerivedDataCache: Using Local data cache path C:/Users/gilke/AppData/Local/UnrealEngine/Common/DerivedDataCache: Writable
[2017.11.03-13.45.01:382][  0]LogMaterial: Verifying Global Shaders for PCD3D_SM5
[2017.11.03-13.45.01:382][  0]LogSlate: Using Freetype 2.6.0
[2017.11.03-13.45.01:384][  0]LogSlate: SlateFontCache - WITH_FREETYPE: 1, WITH_HARFBUZZ: 1
[2017.11.03-13.45.01:385][  0]LogSlate: SlateFontCache - WITH_FREETYPE: 1, WITH_HARFBUZZ: 1
[2017.11.03-13.45.01:964][  0]LogAssetRegistry: FAssetRegistry took 0.0332 seconds to start up
[2017.11.03-13.45.02:272][  0]LogInit: Selected Device Profile: [Windows]
[2017.11.03-13.45.02:661][  0]LogContentStreaming: Texture pool size is 0.00 MB
[2017.11.03-13.45.03:514][  0]LogSimplygon: Simplygon DLL not present - disabling.
[2017.11.03-13.45.03:669][  0]LogMeshReduction: Using SimplygonSwarm for distributed automatic mesh merging
[2017.11.03-13.45.03:669][  0]LogMeshReduction: Using QuadricMeshReduction for automatic static mesh reduction
[2017.11.03-13.45.03:669][  0]LogMeshReduction: No automatic skeletal mesh reduction module available
[2017.11.03-13.45.03:669][  0]LogMeshReduction: No automatic mesh merging module available
[2017.11.03-13.45.03:669][  0]LogMeshMerging: No automatic mesh merging module available
[2017.11.03-13.45.04:446][  0]LogNetVersion: Bomberman , NetCL: 3573198, EngineNetVer: 2, GameNetVer: 0 (Checksum: 1277510555)
[2017.11.03-13.45.05:068][  0]LogPackageLocalizationCache: Processed 5 localized package path(s) for 2 prioritized culture(s) in 0.134239 seconds
[2017.11.03-13.45.05:080][  0]LogUObjectArray: 35825 objects as part of root set at end of initial load.
[2017.11.03-13.45.05:080][  0]LogUObjectAllocator: 7529104 out of 0 bytes used by permanent object pool.
[2017.11.03-13.45.05:080][  0]LogUObjectArray: CloseDisregardForGC: 0/0 objects in disregard for GC pool
[2017.11.03-13.45.05:253][  0]LogInit: WinSock: version 1.1 (2.2), MaxSocks=32767, MaxUdp=65467
[2017.11.03-13.45.12:261][  0]LogTcpMessaging: Initializing TcpMessaging bridge
[2017.11.03-13.45.12:342][  0]LogUdpMessaging: Initializing bridge on interface 0.0.0.0:0 to multicast group 230.0.0.1:6666.
[2017.11.03-13.45.14:186][  0]LogMaterial: Uniform references updated for custom material expression Custom.
[2017.11.03-13.45.15:157][  0]SourceControl: Source control is disabled
[2017.11.03-13.45.15:157][  0]SourceControl: Source control is disabled
[2017.11.03-13.45.15:312][  0]SourceControl: Source control is disabled
[2017.11.03-13.45.15:433][  0]SourceControl: Source control is disabled
[2017.11.03-13.45.16:892][  0]LogAndroidPermission: UAndroidPermissionCallbackProxy::GetInstance
[2017.11.03-13.45.17:489][  0]LogOcInput: OculusInput pre-init called
[2017.11.03-13.45.18:018][  0]LogEngine: Initializing Engine...
[2017.11.03-13.45.18:022][  0]LogHMD: Failed to initialize OpenVR with code 110
[2017.11.03-13.45.18:362][  0]LogStats: UGameplayTagsManager::ConstructGameplayTagTree: Construct from data asset -  0.000 s
[2017.11.03-13.45.18:362][  0]LogStats: UGameplayTagsManager::ConstructGameplayTagTree: GameplayTagTreeChangedEvent.Broadcast -  0.000 s
[2017.11.03-13.45.18:656][  0]LogAIModule: Creating AISystem for world Untitled
[2017.11.03-13.45.18:674][  0]LogInit: XAudio2 using 'Speakers / Headphones (Realtek Audio)' : 2 channels at 48 kHz using 32 bits per sample (channel mask 0x3)
[2017.11.03-13.45.18:771][  0]LogInit: FAudioDevice initialized.
[2017.11.03-13.45.18:904][  0]LogDerivedDataCache: Saved boot cache 0.13s 93MB C:/Users/gilke/AppData/Local/UnrealEngine/4.17/DerivedDataCache/Boot.ddc.
[2017.11.03-13.45.18:922][  0]LogInit: Texture streaming: Enabled
[2017.11.03-13.45.19:119][  0]LogEngineSessionManager: EngineSessionManager initialized
[2017.11.03-13.45.19:119][  0]LogEngineSessionManager: EngineSessionManager sent abnormal shutdown report. Type=Debugger, SessionId={7958C08A-466B-F0FF-B80C-C384AF690443}
[2017.11.03-13.45.19:553][  0]LogInit: Transaction tracking system initialized
[2017.11.03-13.45.20:172][  0]BlueprintLog: New page: Editor Load
[2017.11.03-13.45.21:935][  0]LocalizationService: Localization service is disabled
[2017.11.03-13.45.22:989][  0]LogLinker: Warning: Can't find file '/Game/PuzzleBP/PuzzleOverview'
[2017.11.03-13.45.22:990][  0]LogLinker: Warning: Can't find file '/Game/PuzzleBP/PuzzleOverview'
[2017.11.03-13.45.22:990][  0]LogUObjectGlobals: Warning: Failed to find object 'Class /Game/PuzzleBP/PuzzleOverview.PuzzleOverview_C'
[2017.11.03-13.45.22:991][  0]LogLinker: Warning: Can't find file '/Game/PuzzleBP/Tutorial/Part1-Overview'
[2017.11.03-13.45.22:991][  0]LogLinker: Warning: Can't find file '/Game/PuzzleBP/Tutorial/Part1-Overview'
[2017.11.03-13.45.22:992][  0]LogUObjectGlobals: Warning: Failed to find object 'Class /Game/PuzzleBP/Tutorial/Part1-Overview.Part1-Overview_C'
[2017.11.03-13.45.22:993][  0]LogLinker: Warning: Can't find file '/Game/PuzzleBP/Tutorial/Part2-BlockBlueprint'
[2017.11.03-13.45.22:993][  0]LogLinker: Warning: Can't find file '/Game/PuzzleBP/Tutorial/Part2-BlockBlueprint'
[2017.11.03-13.45.22:994][  0]LogUObjectGlobals: Warning: Failed to find object 'Class /Game/PuzzleBP/Tutorial/Part2-BlockBlueprint.Part2-BlockBlueprint_C'
[2017.11.03-13.45.22:996][  0]LogLinker: Warning: Can't find file '/Game/PuzzleBP/Tutorial/Part2b-BlockBLueprintComponents'
[2017.11.03-13.45.22:997][  0]LogLinker: Warning: Can't find file '/Game/PuzzleBP/Tutorial/Part2b-BlockBLueprintComponents'
[2017.11.03-13.45.22:997][  0]LogUObjectGlobals: Warning: Failed to find object 'Class /Game/PuzzleBP/Tutorial/Part2b-BlockBLueprintComponents.Part2b-BlockBLueprintComponents_C'
[2017.11.03-13.45.22:997][  0]LogLinker: Warning: Can't find file '/Game/PuzzleBP/Tutorial/Part3-GridBlueprint'
[2017.11.03-13.45.22:997][  0]LogLinker: Warning: Can't find file '/Game/PuzzleBP/Tutorial/Part3-GridBlueprint'
[2017.11.03-13.45.22:997][  0]LogUObjectGlobals: Warning: Failed to find object 'Class /Game/PuzzleBP/Tutorial/Part3-GridBlueprint.Part3-GridBlueprint_C'
[2017.11.03-13.45.22:998][  0]LogLinker: Warning: Can't find file '/Game/PuzzleBP/Tutorial/Part4-GridBluepint2'
[2017.11.03-13.45.22:998][  0]LogLinker: Warning: Can't find file '/Game/PuzzleBP/Tutorial/Part4-GridBluepint2'
[2017.11.03-13.45.22:998][  0]LogUObjectGlobals: Warning: Failed to find object 'Class /Game/PuzzleBP/Tutorial/Part4-GridBluepint2.Part4-GridBluepint2_C'
[2017.11.03-13.45.22:998][  0]LogLinker: Warning: Can't find file '/Game/PuzzleBP/Tutorial/Part5-GameMode'
[2017.11.03-13.45.22:999][  0]LogLinker: Warning: Can't find file '/Game/PuzzleBP/Tutorial/Part5-GameMode'
[2017.11.03-13.45.22:999][  0]LogUObjectGlobals: Warning: Failed to find object 'Class /Game/PuzzleBP/Tutorial/Part5-GameMode.Part5-GameMode_C'
[2017.11.03-13.45.22:999][  0]LogLinker: Warning: Can't find file '/Game/PuzzleBP/Tutorial/Part6-Controller'
[2017.11.03-13.45.22:999][  0]LogLinker: Warning: Can't find file '/Game/PuzzleBP/Tutorial/Part6-Controller'
[2017.11.03-13.45.22:999][  0]LogUObjectGlobals: Warning: Failed to find object 'Class /Game/PuzzleBP/Tutorial/Part6-Controller.Part6-Controller_C'
[2017.11.03-13.45.22:999][  0]LogLinker: Warning: Can't find file '/Game/PuzzleBP/Tutorial/Part7-LevelBlueprint'
[2017.11.03-13.45.23:000][  0]LogLinker: Warning: Can't find file '/Game/PuzzleBP/Tutorial/Part7-LevelBlueprint'
[2017.11.03-13.45.23:001][  0]LogUObjectGlobals: Warning: Failed to find object 'Class /Game/PuzzleBP/Tutorial/Part7-LevelBlueprint.Part7-LevelBlueprint_C'
[2017.11.03-13.45.23:001][  0]LogLinker: Warning: Can't find file '/Game/PuzzleBP/Tutorial/Part8-EverythingElse'
[2017.11.03-13.45.23:002][  0]LogLinker: Warning: Can't find file '/Game/PuzzleBP/Tutorial/Part8-EverythingElse'
[2017.11.03-13.45.23:002][  0]LogUObjectGlobals: Warning: Failed to find object 'Class /Game/PuzzleBP/Tutorial/Part8-EverythingElse.Part8-EverythingElse_C'
[2017.11.03-13.45.23:396][  0]LogConsoleResponse: Display: 
[2017.11.03-13.45.23:714][  0]LogCook: Display: Max memory allowance for cook 16384mb min free memory 0mb
[2017.11.03-13.45.23:714][  0]LogCook: Display: Mobile HDR setting 1
[2017.11.03-13.45.23:714][  0]LogGameplayTags: Display: UGameplayTagsManager::DoneAddingNativeTags. DelegateIsBound: 0
[2017.11.03-13.45.24:040][  0]LogFileCache: Scanning file cache for directory 'C:/GameDev/GitHub/BombermanUE4/Bomberman/Content/' took 0.02s
[2017.11.03-13.45.25:789][  0]SourceControl: Source control is disabled
[2017.11.03-13.45.25:790][  0]Cmd: MAP LOAD FILE="../../../../../../GameDev/GitHub/BombermanUE4/Bomberman/Content/Bomberman/Maps/Menu.umap" TEMPLATE=0 SHOWPROGRESS=1 FEATURELEVEL=3
[2017.11.03-13.45.25:791][  0]LightingResults: New page: Lighting Build
[2017.11.03-13.45.25:862][  0]MapCheck: New page: Map Check
[2017.11.03-13.45.25:862][  0]LightingResults: New page: Lighting Build
[2017.11.03-13.45.25:927][  0]LogAIModule: Creating AISystem for world Menu
[2017.11.03-13.45.25:929][  0]LogEditorServer: Finished looking for orphan Actors (0.000 secs)
[2017.11.03-13.45.25:946][  0]Cmd: MAP CHECKDEP NOCLEARLOG
[2017.11.03-13.45.26:092][  0]MapCheck: Map check complete: 0 Error(s), 0 Warning(s), took 145.39ms to complete.
[2017.11.03-13.45.26:092][  0]LogFileHelpers: Loading map 'Menu' took 0.303
[2017.11.03-13.45.26:300][  0]LogCollectionManager: Loaded 0 collections in 0.003307 seconds
[2017.11.03-13.45.26:453][  0]LogFileCache: Scanning file cache for directory 'C:/GameDev/GitHub/BombermanUE4/Bomberman/Saved/Collections/' took 0.02s
[2017.11.03-13.45.26:453][  0]LogFileCache: Scanning file cache for directory 'C:/GameDev/GitHub/BombermanUE4/Bomberman/Content/Developers/gilke/Collections/' took 0.01s
[2017.11.03-13.45.26:453][  0]LogFileCache: Scanning file cache for directory 'C:/GameDev/GitHub/BombermanUE4/Bomberman/Content/Collections/' took 0.01s
[2017.11.03-13.45.26:453][  0]LogCollectionManager: Rebuilt the GUID cache for 0 collections in 0.000001 seconds
[2017.11.03-13.45.26:470][  0]LogContentBrowser: Native class hierarchy populated in 0.0160 seconds. Added 2389 classes and 502 folders.
[2017.11.03-13.45.26:620][  0]LogContentBrowser: Native class hierarchy updated for 'WidgetCarousel' in 0.0037 seconds. Added 0 classes and 0 folders.
[2017.11.03-13.45.26:719][  0]LogContentBrowser: Native class hierarchy updated for 'AddContentDialog' in 0.0038 seconds. Added 0 classes and 0 folders.
[2017.11.03-13.45.26:809][  0]LogContentBrowser: Native class hierarchy updated for 'SceneOutliner' in 0.0025 seconds. Added 1 classes and 2 folders.
[2017.11.03-13.45.26:888][  0]LogSlate: Took 0.000537 seconds to synchronously load lazily loaded font '../../../Engine/Content/Slate/Fonts/Roboto-Regular.ttf' (155K)
[2017.11.03-13.45.26:891][  0]LogSlate: Took 0.000468 seconds to synchronously load lazily loaded font '../../../Engine/Content/Slate/Fonts/Roboto-Bold.ttf' (160K)
[2017.11.03-13.45.26:897][  0]LogSlate: Took 0.000440 seconds to synchronously load lazily loaded font '../../../Engine/Content/Editor/Slate/Fonts/FontAwesome.ttf' (139K)
[2017.11.03-13.45.27:028][  0]LogRenderer: Reallocating scene render targets to support 976x428 Format 10 NumSamples 1 (Frame:1).
[2017.11.03-13.45.27:351][  0]LogContentBrowser: Native class hierarchy updated for 'HierarchicalLODOutliner' in 0.0034 seconds. Added 1 classes and 2 folders.
[2017.11.03-13.45.27:352][  0]LogLoad: (Engine Initialization) Total time: 39.58 seconds
[2017.11.03-13.45.27:352][  0]LogLoad: (Engine Initialization) Total Blueprint compile time: 0.00 seconds
[2017.11.03-13.45.27:352][  0]LogExternalProfiler: Found external profiler: VSPerf
[2017.11.03-13.45.27:352][  0]LogExternalProfiler: Using external profiler: VSPerf
[2017.11.03-13.45.27:373][  0]LogWindowsTextInputMethodSystem: Display: IME system now deactivated.
[2017.11.03-13.45.27:391][  0]LogContentStreaming: Texture pool size now 1000 MB
[2017.11.03-13.45.27:435][  1]LogAssetRegistry: Asset discovery search completed in 25.4980 seconds
[2017.11.03-13.45.27:439][  1]LogCollectionManager: Rebuilt the object cache for 0 collections in 0.000001 seconds (found 0 objects)
[2017.11.03-13.45.27:439][  1]LogCollectionManager: Fixed up redirectors for 0 collections in 0.000355 seconds (updated 0 objects)
[2017.11.03-13.45.31:425][236]LogSlate: Took 0.000311 seconds to synchronously load lazily loaded font '../../../Engine/Content/Slate/Fonts/Roboto-Light.ttf' (159K)
[2017.11.03-13.46.11:750][381]LogTemp: Repeating last play command: Selected Viewport
[2017.11.03-13.46.11:922][381]LogBlueprintUserMessages: Early PlayInEditor Detection: Level '/Game/Bomberman/Maps/Menu.Menu:PersistentLevel' has LevelScriptBlueprint '/Game/Bomberman/Maps/Menu.Menu:PersistentLevel.Menu' with GeneratedClass '/Game/Bomberman/Maps/Menu.Menu_C' with ClassGeneratedBy '/Game/Bomberman/Maps/Menu.Menu:PersistentLevel.Menu'
[2017.11.03-13.46.11:925][381]LogPlayLevel: PlayLevel: No blueprints needed recompiling
[2017.11.03-13.46.11:928][381]PIE: New page: PIE session: Menu (3 Nov 2017 13:46:11)
[2017.11.03-13.46.11:929][381]LogPlayLevel: Creating play world package: /Game/Bomberman/Maps/UEDPIE_0_Menu
[2017.11.03-13.46.11:933][381]LogPlayLevel: PIE: StaticDuplicateObject took: (0.002901s)
[2017.11.03-13.46.11:935][381]LogAIModule: Creating AISystem for world Menu
[2017.11.03-13.46.11:936][381]LogPlayLevel: PIE: World Init took: (0.003285s)
[2017.11.03-13.46.11:937][381]LogPlayLevel: PIE: Created PIE world by copying editor world from /Game/Bomberman/Maps/Menu.Menu to /Game/Bomberman/Maps/UEDPIE_0_Menu.Menu (0.008058s)
[2017.11.03-13.46.12:016][381]LogInit: XAudio2 using 'Speakers / Headphones (Realtek Audio)' : 2 channels at 48 kHz using 32 bits per sample (channel mask 0x3)
[2017.11.03-13.46.12:175][381]LogInit: FAudioDevice initialized.
[2017.11.03-13.46.12:264][381]LogLoad: Game class is 'MenuGameMode_C'
[2017.11.03-13.46.12:269][381]LogWorld: Bringing World /Game/Bomberman/Maps/UEDPIE_0_Menu.Menu up for play (max tick rate 60) at 2017.11.03-13.46.12
[2017.11.03-13.46.12:270][381]LogWorld: Bringing up level for play took: 0.002837
[2017.11.03-13.46.12:273][381]LogSpawn: Warning: SpawnActor failed because no class was specified
[2017.11.03-13.46.12:595][381]LogContentBrowser: Native class hierarchy updated for 'MovieSceneCapture' in 0.0084 seconds. Added 11 classes and 0 folders.
[2017.11.03-13.46.12:595][381]LogGameMode: Display: Match State Changed from EnteringMap to WaitingToStart
[2017.11.03-13.46.12:596][381]LogGameState: Match State Changed from EnteringMap to WaitingToStart
[2017.11.03-13.46.12:596][381]LogGameMode: Display: Match State Changed from WaitingToStart to InProgress
[2017.11.03-13.46.12:599][381]LogGameState: Match State Changed from WaitingToStart to InProgress
[2017.11.03-13.46.12:600][381]PIE: Play in editor start time for /Game/Bomberman/Maps/UEDPIE_0_Menu 1.509
[2017.11.03-13.46.12:601][381]LogBlueprintUserMessages: Late PlayInEditor Detection: Level '/Game/Bomberman/Maps/Menu.Menu:PersistentLevel' has LevelScriptBlueprint '/Game/Bomberman/Maps/Menu.Menu:PersistentLevel.Menu' with GeneratedClass '/Game/Bomberman/Maps/Menu.Menu_C' with ClassGeneratedBy '/Game/Bomberman/Maps/Menu.Menu:PersistentLevel.Menu'
[2017.11.03-13.46.18:893][638]LogBlueprintUserMessages: Early EndPlayMap Detection: Level '/Game/Bomberman/Maps/Menu.Menu:PersistentLevel' has LevelScriptBlueprint '/Game/Bomberman/Maps/Menu.Menu:PersistentLevel.Menu' with GeneratedClass '/Game/Bomberman/Maps/Menu.Menu_C' with ClassGeneratedBy '/Game/Bomberman/Maps/Menu.Menu:PersistentLevel.Menu'
[2017.11.03-13.46.18:956][638]LogBlueprintUserMessages: Late EndPlayMap Detection: Level '/Game/Bomberman/Maps/Menu.Menu:PersistentLevel' has LevelScriptBlueprint '/Game/Bomberman/Maps/Menu.Menu:PersistentLevel.Menu' with GeneratedClass '/Game/Bomberman/Maps/Menu.Menu_C' with ClassGeneratedBy '/Game/Bomberman/Maps/Menu.Menu:PersistentLevel.Menu'
[2017.11.03-13.46.22:289][789]LogTemp: Repeating last play command: Selected Viewport
[2017.11.03-13.46.22:323][789]LogBlueprintUserMessages: Early PlayInEditor Detection: Level '/Game/Bomberman/Maps/Menu.Menu:PersistentLevel' has LevelScriptBlueprint '/Game/Bomberman/Maps/Menu.Menu:PersistentLevel.Menu' with GeneratedClass '/Game/Bomberman/Maps/Menu.Menu_C' with ClassGeneratedBy '/Game/Bomberman/Maps/Menu.Menu:PersistentLevel.Menu'
[2017.11.03-13.46.22:323][789]LogPlayLevel: PlayLevel: No blueprints needed recompiling
[2017.11.03-13.46.22:324][789]PIE: New page: PIE session: Menu (3 Nov 2017 13:46:22)
[2017.11.03-13.46.22:324][789]LogPlayLevel: Creating play world package: /Game/Bomberman/Maps/UEDPIE_0_Menu
[2017.11.03-13.46.22:326][789]LogPlayLevel: PIE: StaticDuplicateObject took: (0.002145s)
[2017.11.03-13.46.22:331][789]LogAIModule: Creating AISystem for world Menu
[2017.11.03-13.46.22:331][789]LogPlayLevel: PIE: World Init took: (0.001630s)
[2017.11.03-13.46.22:332][789]LogPlayLevel: PIE: Created PIE world by copying editor world from /Game/Bomberman/Maps/Menu.Menu to /Game/Bomberman/Maps/UEDPIE_0_Menu.Menu (0.007789s)
[2017.11.03-13.46.22:361][789]LogInit: XAudio2 using 'Speakers / Headphones (Realtek Audio)' : 2 channels at 48 kHz using 32 bits per sample (channel mask 0x3)
[2017.11.03-13.46.22:465][789]LogInit: FAudioDevice initialized.
[2017.11.03-13.46.22:515][789]LogLoad: Game class is 'MenuGameMode_C'
[2017.11.03-13.46.22:532][789]LogWorld: Bringing World /Game/Bomberman/Maps/UEDPIE_0_Menu.Menu up for play (max tick rate 60) at 2017.11.03-13.46.22
[2017.11.03-13.46.22:534][789]LogWorld: Bringing up level for play took: 0.004949
[2017.11.03-13.46.22:535][789]LogSpawn: Warning: SpawnActor failed because no class was specified
[2017.11.03-13.46.22:538][789]LogGameMode: Display: Match State Changed from EnteringMap to WaitingToStart
[2017.11.03-13.46.22:538][789]LogGameState: Match State Changed from EnteringMap to WaitingToStart
[2017.11.03-13.46.22:538][789]LogGameMode: Display: Match State Changed from WaitingToStart to InProgress
[2017.11.03-13.46.22:541][789]LogGameState: Match State Changed from WaitingToStart to InProgress
[2017.11.03-13.46.22:542][789]PIE: Play in editor start time for /Game/Bomberman/Maps/UEDPIE_0_Menu -0.549
[2017.11.03-13.46.22:542][789]LogBlueprintUserMessages: Late PlayInEditor Detection: Level '/Game/Bomberman/Maps/Menu.Menu:PersistentLevel' has LevelScriptBlueprint '/Game/Bomberman/Maps/Menu.Menu:PersistentLevel.Menu' with GeneratedClass '/Game/Bomberman/Maps/Menu.Menu_C' with ClassGeneratedBy '/Game/Bomberman/Maps/Menu.Menu:PersistentLevel.Menu'
[2017.11.03-13.46.24:617][906]LogGameMode: Display: Match State Changed from InProgress to LeavingMap
[2017.11.03-13.46.24:617][906]LogGameState: Match State Changed from InProgress to LeavingMap
[2017.11.03-13.46.24:621][906]LogNet: Browse: /Game/Bomberman/Maps/Game
[2017.11.03-13.46.24:621][906]LogLoad: LoadMap: /Game/Bomberman/Maps/Game
[2017.11.03-13.46.24:659][906]Cmd: MEM
[2017.11.03-13.46.24:681][906]LogMemory: Platform Memory Stats for Windows
[2017.11.03-13.46.24:681][906]LogMemory: Process Physical Memory: 964.98 MB used, 1029.06 MB peak
[2017.11.03-13.46.24:681][906]LogMemory: Process Virtual Memory: 1414.58 MB used, 1414.58 MB peak
[2017.11.03-13.46.24:681][906]LogMemory: Physical Memory: 7623.93 MB used,  8657.71 MB free, 16281.64 MB total
[2017.11.03-13.46.24:682][906]LogMemory: Virtual Memory: 2157.68 MB used,  8657.71 MB free, 134217728.00 MB total
[2017.11.03-13.46.24:682][906]LogMemory: 
[2017.11.03-13.46.24:682][906]Allocator Stats for TBB: (not implemented)
[2017.11.03-13.46.26:790][906]LogAIModule: Creating AISystem for world Game
[2017.11.03-13.46.26:790][906]LogLoad: Game class is 'BomberManGameMode_C'
[2017.11.03-13.46.26:864][906]LogWorld: Bringing World /Game/Bomberman/Maps/UEDPIE_0_Game.Game up for play (max tick rate 60) at 2017.11.03-13.46.26
[2017.11.03-13.46.26:867][906]LogWorld: Bringing up level for play took: 0.075688
[2017.11.03-13.46.26:877][906]LogLoad: Took 2.255231 seconds to LoadMap(/Game/Bomberman/Maps/Game)
[2017.11.03-13.46.34:459][241]LogBlueprintUserMessages: Early EndPlayMap Detection: Level '/Game/Bomberman/Maps/Menu.Menu:PersistentLevel' has LevelScriptBlueprint '/Game/Bomberman/Maps/Menu.Menu:PersistentLevel.Menu' with GeneratedClass '/Game/Bomberman/Maps/Menu.Menu_C' with ClassGeneratedBy '/Game/Bomberman/Maps/Menu.Menu:PersistentLevel.Menu'
[2017.11.03-13.46.34:527][241]LogBlueprintUserMessages: Late EndPlayMap Detection: Level '/Game/Bomberman/Maps/Menu.Menu:PersistentLevel' has LevelScriptBlueprint '/Game/Bomberman/Maps/Menu.Menu:PersistentLevel.Menu' with GeneratedClass '/Game/Bomberman/Maps/Menu.Menu_C' with ClassGeneratedBy '/Game/Bomberman/Maps/Menu.Menu:PersistentLevel.Menu'
[2017.11.03-13.46.40:245][372]LogSlate: Took 0.000421 seconds to synchronously load lazily loaded font '../../../Engine/Content/Slate/Fonts/Roboto-Light.ttf' (159K)
[2017.11.03-13.46.40:752][372]LogSlate: Took 0.000501 seconds to synchronously load lazily loaded font '../../../Engine/Content/Slate/Fonts/Roboto-Regular.ttf' (155K)
[2017.11.03-13.46.41:090][372]LogContentBrowser: Native class hierarchy updated for 'BlueprintGraph' in 0.0043 seconds. Added 113 classes and 0 folders.
[2017.11.03-13.46.42:441][372]LogSlate: Took 0.000690 seconds to synchronously load lazily loaded font '../../../Engine/Content/Editor/Slate/Fonts/Roboto-BoldCondensed.ttf' (158K)
[2017.11.03-13.46.42:748][373]LogSlate: Took 0.000662 seconds to synchronously load lazily loaded font '../../../Engine/Content/Editor/Slate/Fonts/Roboto-Italic.ttf' (157K)
